CRITICAL - 2022-08-14 15:10:19 --> Invalid file: admin/proveedores/index.php
in SYSTEMPATH\Exceptions\FrameworkException.php on line 33.
 1 SYSTEMPATH\View\View.php(201): CodeIgniter\Exceptions\FrameworkException::forInvalidFile('admin/proveedores/index.php')
 2 SYSTEMPATH\Common.php(1137): CodeIgniter\View\View->render('admin/proveedores/index', [], true)
 3 APPPATH\Controllers\Proveedores.php(13): view('admin/proveedores/index', [...])
 4 SYSTEMPATH\CodeIgniter.php(898): App\Controllers\Proveedores->index()
 5 SYSTEMPATH\CodeIgniter.php(457): CodeIgniter\CodeIgniter->runController(Object(App\Controllers\Proveedores))
 6 SYSTEMPATH\CodeIgniter.php(340): CodeIgniter\CodeIgniter->handleRequest(null, Object(Config\Cache), false)
 7 FCPATH\index.php(67): CodeIgniter\CodeIgniter->run()
 8 SYSTEMPATH\Commands\Server\rewrite.php(43): require_once('FCPATH\\index.php')
CRITICAL - 2022-08-14 15:11:48 --> Invalid file: admin/proveedores/index.php
in SYSTEMPATH\Exceptions\FrameworkException.php on line 33.
 1 SYSTEMPATH\View\View.php(201): CodeIgniter\Exceptions\FrameworkException::forInvalidFile('admin/proveedores/index.php')
 2 SYSTEMPATH\Common.php(1137): CodeIgniter\View\View->render('admin/proveedores/index', [], true)
 3 APPPATH\Controllers\Proveedores.php(13): view('admin/proveedores/index', [...])
 4 SYSTEMPATH\CodeIgniter.php(898): App\Controllers\Proveedores->index()
 5 SYSTEMPATH\CodeIgniter.php(457): CodeIgniter\CodeIgniter->runController(Object(App\Controllers\Proveedores))
 6 SYSTEMPATH\CodeIgniter.php(340): CodeIgniter\CodeIgniter->handleRequest(null, Object(Config\Cache), false)
 7 FCPATH\index.php(67): CodeIgniter\CodeIgniter->run()
 8 SYSTEMPATH\Commands\Server\rewrite.php(43): require_once('FCPATH\\index.php')
CRITICAL - 2022-08-14 15:13:32 --> Invalid file: admin/proveedores/index.php
in SYSTEMPATH\Exceptions\FrameworkException.php on line 33.
 1 SYSTEMPATH\View\View.php(201): CodeIgniter\Exceptions\FrameworkException::forInvalidFile('admin/proveedores/index.php')
 2 SYSTEMPATH\Common.php(1137): CodeIgniter\View\View->render('admin/proveedores/index', [], true)
 3 APPPATH\Controllers\Proveedores.php(13): view('admin/proveedores/index', [...])
 4 SYSTEMPATH\CodeIgniter.php(898): App\Controllers\Proveedores->index()
 5 SYSTEMPATH\CodeIgniter.php(457): CodeIgniter\CodeIgniter->runController(Object(App\Controllers\Proveedores))
 6 SYSTEMPATH\CodeIgniter.php(340): CodeIgniter\CodeIgniter->handleRequest(null, Object(Config\Cache), false)
 7 FCPATH\index.php(67): CodeIgniter\CodeIgniter->run()
 8 SYSTEMPATH\Commands\Server\rewrite.php(43): require_once('FCPATH\\index.php')
CRITICAL - 2022-08-14 15:13:33 --> Invalid file: admin/proveedores/index.php
in SYSTEMPATH\Exceptions\FrameworkException.php on line 33.
 1 SYSTEMPATH\View\View.php(201): CodeIgniter\Exceptions\FrameworkException::forInvalidFile('admin/proveedores/index.php')
 2 SYSTEMPATH\Common.php(1137): CodeIgniter\View\View->render('admin/proveedores/index', [], true)
 3 APPPATH\Controllers\Proveedores.php(13): view('admin/proveedores/index', [...])
 4 SYSTEMPATH\CodeIgniter.php(898): App\Controllers\Proveedores->index()
 5 SYSTEMPATH\CodeIgniter.php(457): CodeIgniter\CodeIgniter->runController(Object(App\Controllers\Proveedores))
 6 SYSTEMPATH\CodeIgniter.php(340): CodeIgniter\CodeIgniter->handleRequest(null, Object(Config\Cache), false)
 7 FCPATH\index.php(67): CodeIgniter\CodeIgniter->run()
 8 SYSTEMPATH\Commands\Server\rewrite.php(43): require_once('FCPATH\\index.php')
CRITICAL - 2022-08-14 15:14:45 --> Invalid file: admin/proveedores/index.php
in SYSTEMPATH\Exceptions\FrameworkException.php on line 33.
 1 SYSTEMPATH\View\View.php(201): CodeIgniter\Exceptions\FrameworkException::forInvalidFile('admin/proveedores/index.php')
 2 SYSTEMPATH\Common.php(1137): CodeIgniter\View\View->render('admin/proveedores/index', [], true)
 3 APPPATH\Controllers\Proveedores.php(13): view('admin/proveedores/index', [...])
 4 SYSTEMPATH\CodeIgniter.php(898): App\Controllers\Proveedores->index()
 5 SYSTEMPATH\CodeIgniter.php(457): CodeIgniter\CodeIgniter->runController(Object(App\Controllers\Proveedores))
 6 SYSTEMPATH\CodeIgniter.php(340): CodeIgniter\CodeIgniter->handleRequest(null, Object(Config\Cache), false)
 7 FCPATH\index.php(67): CodeIgniter\CodeIgniter->run()
 8 SYSTEMPATH\Commands\Server\rewrite.php(43): require_once('FCPATH\\index.php')
CRITICAL - 2022-08-14 15:14:49 --> Invalid file: admin/proveedores/index.php
in SYSTEMPATH\Exceptions\FrameworkException.php on line 33.
 1 SYSTEMPATH\View\View.php(201): CodeIgniter\Exceptions\FrameworkException::forInvalidFile('admin/proveedores/index.php')
 2 SYSTEMPATH\Common.php(1137): CodeIgniter\View\View->render('admin/proveedores/index', [], true)
 3 APPPATH\Controllers\Proveedores.php(13): view('admin/proveedores/index', [...])
 4 SYSTEMPATH\CodeIgniter.php(898): App\Controllers\Proveedores->index()
 5 SYSTEMPATH\CodeIgniter.php(457): CodeIgniter\CodeIgniter->runController(Object(App\Controllers\Proveedores))
 6 SYSTEMPATH\CodeIgniter.php(340): CodeIgniter\CodeIgniter->handleRequest(null, Object(Config\Cache), false)
 7 FCPATH\index.php(67): CodeIgniter\CodeIgniter->run()
 8 SYSTEMPATH\Commands\Server\rewrite.php(43): require_once('FCPATH\\index.php')
CRITICAL - 2022-08-14 15:14:50 --> Invalid file: admin/proveedores/index.php
in SYSTEMPATH\Exceptions\FrameworkException.php on line 33.
 1 SYSTEMPATH\View\View.php(201): CodeIgniter\Exceptions\FrameworkException::forInvalidFile('admin/proveedores/index.php')
 2 SYSTEMPATH\Common.php(1137): CodeIgniter\View\View->render('admin/proveedores/index', [], true)
 3 APPPATH\Controllers\Proveedores.php(13): view('admin/proveedores/index', [...])
 4 SYSTEMPATH\CodeIgniter.php(898): App\Controllers\Proveedores->index()
 5 SYSTEMPATH\CodeIgniter.php(457): CodeIgniter\CodeIgniter->runController(Object(App\Controllers\Proveedores))
 6 SYSTEMPATH\CodeIgniter.php(340): CodeIgniter\CodeIgniter->handleRequest(null, Object(Config\Cache), false)
 7 FCPATH\index.php(67): CodeIgniter\CodeIgniter->run()
 8 SYSTEMPATH\Commands\Server\rewrite.php(43): require_once('FCPATH\\index.php')
CRITICAL - 2022-08-14 15:14:50 --> Invalid file: admin/proveedores/index.php
in SYSTEMPATH\Exceptions\FrameworkException.php on line 33.
 1 SYSTEMPATH\View\View.php(201): CodeIgniter\Exceptions\FrameworkException::forInvalidFile('admin/proveedores/index.php')
 2 SYSTEMPATH\Common.php(1137): CodeIgniter\View\View->render('admin/proveedores/index', [], true)
 3 APPPATH\Controllers\Proveedores.php(13): view('admin/proveedores/index', [...])
 4 SYSTEMPATH\CodeIgniter.php(898): App\Controllers\Proveedores->index()
 5 SYSTEMPATH\CodeIgniter.php(457): CodeIgniter\CodeIgniter->runController(Object(App\Controllers\Proveedores))
 6 SYSTEMPATH\CodeIgniter.php(340): CodeIgniter\CodeIgniter->handleRequest(null, Object(Config\Cache), false)
 7 FCPATH\index.php(67): CodeIgniter\CodeIgniter->run()
 8 SYSTEMPATH\Commands\Server\rewrite.php(43): require_once('FCPATH\\index.php')
CRITICAL - 2022-08-14 15:14:51 --> Invalid file: admin/proveedores/index.php
in SYSTEMPATH\Exceptions\FrameworkException.php on line 33.
 1 SYSTEMPATH\View\View.php(201): CodeIgniter\Exceptions\FrameworkException::forInvalidFile('admin/proveedores/index.php')
 2 SYSTEMPATH\Common.php(1137): CodeIgniter\View\View->render('admin/proveedores/index', [], true)
 3 APPPATH\Controllers\Proveedores.php(13): view('admin/proveedores/index', [...])
 4 SYSTEMPATH\CodeIgniter.php(898): App\Controllers\Proveedores->index()
 5 SYSTEMPATH\CodeIgniter.php(457): CodeIgniter\CodeIgniter->runController(Object(App\Controllers\Proveedores))
 6 SYSTEMPATH\CodeIgniter.php(340): CodeIgniter\CodeIgniter->handleRequest(null, Object(Config\Cache), false)
 7 FCPATH\index.php(67): CodeIgniter\CodeIgniter->run()
 8 SYSTEMPATH\Commands\Server\rewrite.php(43): require_once('FCPATH\\index.php')
CRITICAL - 2022-08-14 15:14:51 --> Invalid file: admin/proveedores/index.php
in SYSTEMPATH\Exceptions\FrameworkException.php on line 33.
 1 SYSTEMPATH\View\View.php(201): CodeIgniter\Exceptions\FrameworkException::forInvalidFile('admin/proveedores/index.php')
 2 SYSTEMPATH\Common.php(1137): CodeIgniter\View\View->render('admin/proveedores/index', [], true)
 3 APPPATH\Controllers\Proveedores.php(13): view('admin/proveedores/index', [...])
 4 SYSTEMPATH\CodeIgniter.php(898): App\Controllers\Proveedores->index()
 5 SYSTEMPATH\CodeIgniter.php(457): CodeIgniter\CodeIgniter->runController(Object(App\Controllers\Proveedores))
 6 SYSTEMPATH\CodeIgniter.php(340): CodeIgniter\CodeIgniter->handleRequest(null, Object(Config\Cache), false)
 7 FCPATH\index.php(67): CodeIgniter\CodeIgniter->run()
 8 SYSTEMPATH\Commands\Server\rewrite.php(43): require_once('FCPATH\\index.php')
